<?xml version="1.0" encoding="UTF-8"?>
<testng-results ignored="0" total="3" passed="3" failed="0" skipped="0">
  <reporter-output>
  </reporter-output>
  <suite started-at="2025-09-11T10:38:06 IST" name="Default suite" finished-at="2025-09-11T10:40:05 IST" duration-ms="119822">
    <groups>
      <group name="cucumber">
        <method signature="AbstractTestNGCucumberTests.runScenario(io.cucumber.testng.PickleWrapper,io.cucumber.testng.FeatureWrapper)[pri:0, instance:com.runner.TestRunnerTestNG@247bddad]" name="runScenario" class="io.cucumber.testng.AbstractTestNGCucumberTests"/>
      </group> <!-- cucumber -->
    </groups>
    <test started-at="2025-09-11T10:38:06 IST" name="Default test" finished-at="2025-09-11T10:40:05 IST" duration-ms="119822">
      <class name="com.runner.TestRunnerTestNG">
        <test-method is-config="true" signature="setUpClass(org.testng.ITestContext)[pri:0, instance:com.runner.TestRunnerTestNG@247bddad]" started-at="2025-09-11T10:38:06 IST" name="setUpClass" finished-at="2025-09-11T10:38:14 IST" duration-ms="7933" status="PASS">
          <params>
            <param index="0">
              <value>
                <![CDATA[org.testng.TestRunner@6728370a]]>
              </value>
            </param>
          </params>
          <reporter-output>
          </reporter-output>
        </test-method> <!-- setUpClass -->
        <test-method signature="runScenario(io.cucumber.testng.PickleWrapper,io.cucumber.testng.FeatureWrapper)[pri:0, instance:com.runner.TestRunnerTestNG@247bddad]" started-at="2025-09-11T10:38:14 IST" name="runScenario" description="Runs Cucumber Scenarios" data-provider="scenarios" finished-at="2025-09-11T10:38:17 IST" duration-ms="3775" status="PASS">
          <params>
            <param index="0">
              <value>
                <![CDATA["Launching the browser successfully"]]>
              </value>
            </param>
            <param index="1">
              <value>
                <![CDATA["Launching the browser"]]>
              </value>
            </param>
          </params>
          <reporter-output>
          </reporter-output>
        </test-method> <!-- runScenario -->
        <test-method signature="runScenario(io.cucumber.testng.PickleWrapper,io.cucumber.testng.FeatureWrapper)[pri:0, instance:com.runner.TestRunnerTestNG@247bddad]" started-at="2025-09-11T10:38:17 IST" name="runScenario" description="Runs Cucumber Scenarios" data-provider="scenarios" finished-at="2025-09-11T10:39:12 IST" duration-ms="55098" status="PASS">
          <params>
            <param index="0">
              <value>
                <![CDATA["Login successfully"]]>
              </value>
            </param>
            <param index="1">
              <value>
                <![CDATA["Login"]]>
              </value>
            </param>
          </params>
          <reporter-output>
          </reporter-output>
        </test-method> <!-- runScenario -->
        <test-method signature="runScenario(io.cucumber.testng.PickleWrapper,io.cucumber.testng.FeatureWrapper)[pri:0, instance:com.runner.TestRunnerTestNG@247bddad]" started-at="2025-09-11T10:39:12 IST" name="runScenario" description="Runs Cucumber Scenarios" data-provider="scenarios" finished-at="2025-09-11T10:40:04 IST" duration-ms="51253" status="PASS">
          <params>
            <param index="0">
              <value>
                <![CDATA["Search and add medicine to cart with filters"]]>
              </value>
            </param>
            <param index="1">
              <value>
                <![CDATA["Buy Medicines flow"]]>
              </value>
            </param>
          </params>
          <reporter-output>
          </reporter-output>
        </test-method> <!-- runScenario -->
        <test-method is-config="true" signature="tearDownClass()[pri:0, instance:com.runner.TestRunnerTestNG@247bddad]" started-at="2025-09-11T10:40:04 IST" name="tearDownClass" finished-at="2025-09-11T10:40:05 IST" duration-ms="1678" status="PASS">
          <reporter-output>
          </reporter-output>
        </test-method> <!-- tearDownClass -->
      </class> <!-- com.runner.TestRunnerTestNG -->
    </test> <!-- Default test -->
  </suite> <!-- Default suite -->
</testng-results>
