<?xml version="1.0" encoding="UTF-8"?>
<testng-results ignored="0" total="10" passed="2" failed="8" skipped="0">
  <reporter-output>
  </reporter-output>
  <suite started-at="2025-09-10T22:32:21 IST" name="Default suite" finished-at="2025-09-10T22:34:03 IST" duration-ms="102754">
    <groups>
      <group name="cucumber">
        <method signature="AbstractTestNGCucumberTests.runScenario(io.cucumber.testng.PickleWrapper,io.cucumber.testng.FeatureWrapper)[pri:0, instance:com.runner.TestRunnerTestNG@247bddad]" name="runScenario" class="io.cucumber.testng.AbstractTestNGCucumberTests"/>
      </group> <!-- cucumber -->
    </groups>
    <test started-at="2025-09-10T22:32:21 IST" name="Default test" finished-at="2025-09-10T22:34:03 IST" duration-ms="102754">
      <class name="com.runner.TestRunnerTestNG">
        <test-method is-config="true" signature="setUpClass(org.testng.ITestContext)[pri:0, instance:com.runner.TestRunnerTestNG@247bddad]" started-at="2025-09-10T22:32:21 IST" name="setUpClass" finished-at="2025-09-10T22:32:26 IST" duration-ms="5043" status="PASS">
          <params>
            <param index="0">
              <value>
                <![CDATA[org.testng.TestRunner@2e4eda17]]>
              </value>
            </param>
          </params>
          <reporter-output>
          </reporter-output>
        </test-method> <!-- setUpClass -->
        <test-method signature="runScenario(io.cucumber.testng.PickleWrapper,io.cucumber.testng.FeatureWrapper)[pri:0, instance:com.runner.TestRunnerTestNG@247bddad]" started-at="2025-09-10T22:32:26 IST" name="runScenario" description="Runs Cucumber Scenarios" data-provider="scenarios" finished-at="2025-09-10T22:32:26 IST" duration-ms="94" status="FAIL">
          <params>
            <param index="0">
              <value>
                <![CDATA["Launching the browser successfully"]]>
              </value>
            </param>
            <param index="1">
              <value>
                <![CDATA["Launching the browser"]]>
              </value>
            </param>
          </params>
          <exception class="io.cucumber.core.runner.DuplicateStepDefinitionException">
            <message>
              <![CDATA[Duplicate step definitions in com.stepDefinition.BuyMedicineTabstep.user_should_see_buy_medicines_and_essentials_page() and com.stepDefinition.PlaceOrderSteps.user_should_see_buy_medicines_and_essentials_page()]]>
            </message>
            <full-stacktrace>
              <![CDATA[io.cucumber.core.runner.DuplicateStepDefinitionException: Duplicate step definitions in com.stepDefinition.BuyMedicineTabstep.user_should_see_buy_medicines_and_essentials_page() and com.stepDefinition.PlaceOrderSteps.user_should_see_buy_medicines_and_essentials_page()
at io.cucumber.core.runner.CachingGlue.lambda$prepareGlue$3(CachingGlue.java:313)
at java.base/java.util.ArrayList.forEach(ArrayList.java:1596)
at io.cucumber.core.runner.CachingGlue.prepareGlue(CachingGlue.java:307)
at io.cucumber.core.runner.Runner.runPickle(Runner.java:73)
at io.cucumber.testng.TestNGCucumberRunner.lambda$runScenario$1(TestNGCucumberRunner.java:135)
at io.cucumber.core.runtime.CucumberExecutionContext.lambda$runTestCase$5(CucumberExecutionContext.java:136)
at io.cucumber.core.runtime.RethrowingThrowableCollector.executeAndThrow(RethrowingThrowableCollector.java:23)
at io.cucumber.core.runtime.CucumberExecutionContext.runTestCase(CucumberExecutionContext.java:136)
at io.cucumber.testng.TestNGCucumberRunner.runScenario(TestNGCucumberRunner.java:132)
at io.cucumber.testng.AbstractTestNGCucumberTests.runScenario(AbstractTestNGCucumberTests.java:35)
at java.base/jdk.internal.reflect.DirectMethodHandleAccessor.invoke(DirectMethodHandleAccessor.java:103)
at java.base/java.lang.reflect.Method.invoke(Method.java:580)
at org.testng.internal.invokers.MethodInvocationHelper.invokeMethod(MethodInvocationHelper.java:141)
at org.testng.internal.invokers.TestInvoker.invokeMethod(TestInvoker.java:687)
at org.testng.internal.invokers.TestInvoker.invokeTestMethod(TestInvoker.java:230)
at org.testng.internal.invokers.MethodRunner.runInSequence(MethodRunner.java:63)
at org.testng.internal.invokers.TestInvoker$MethodInvocationAgent.invoke(TestInvoker.java:995)
at org.testng.internal.invokers.TestInvoker.invokeTestMethods(TestInvoker.java:203)
at org.testng.internal.invokers.TestMethodWorker.invokeTestMethods(TestMethodWorker.java:154)
at org.testng.internal.invokers.TestMethodWorker.run(TestMethodWorker.java:134)
at java.base/java.util.ArrayList.forEach(ArrayList.java:1596)
at org.testng.TestRunner.privateRun(TestRunner.java:741)
at org.testng.TestRunner.run(TestRunner.java:616)
at org.testng.SuiteRunner.runTest(SuiteRunner.java:421)
at org.testng.SuiteRunner.runSequentially(SuiteRunner.java:413)
at org.testng.SuiteRunner.privateRun(SuiteRunner.java:373)
at org.testng.SuiteRunner.run(SuiteRunner.java:312)
at org.testng.SuiteRunnerWorker.runSuite(SuiteRunnerWorker.java:52)
at org.testng.SuiteRunnerWorker.run(SuiteRunnerWorker.java:95)
at org.testng.TestNG.runSuitesSequentially(TestNG.java:1274)
at org.testng.TestNG.runSuitesLocally(TestNG.java:1208)
at org.testng.TestNG.runSuites(TestNG.java:1112)
at org.testng.TestNG.run(TestNG.java:1079)
at org.testng.remote.AbstractRemoteTestNG.run(AbstractRemoteTestNG.java:115)
at org.testng.remote.RemoteTestNG.initAndRun(RemoteTestNG.java:293)
at org.testng.remote.RemoteTestNG.main(RemoteTestNG.java:91)
]]>
            </full-stacktrace>
          </exception> <!-- io.cucumber.core.runner.DuplicateStepDefinitionException -->
          <reporter-output>
          </reporter-output>
        </test-method> <!-- runScenario -->
        <test-method signature="runScenario(io.cucumber.testng.PickleWrapper,io.cucumber.testng.FeatureWrapper)[pri:0, instance:com.runner.TestRunnerTestNG@247bddad]" started-at="2025-09-10T22:32:26 IST" name="runScenario" description="Runs Cucumber Scenarios" data-provider="scenarios" finished-at="2025-09-10T22:33:50 IST" duration-ms="84075" status="PASS">
          <params>
            <param index="0">
              <value>
                <![CDATA["Login successfully"]]>
              </value>
            </param>
            <param index="1">
              <value>
                <![CDATA["Login"]]>
              </value>
            </param>
          </params>
          <reporter-output>
          </reporter-output>
        </test-method> <!-- runScenario -->
        <test-method signature="runScenario(io.cucumber.testng.PickleWrapper,io.cucumber.testng.FeatureWrapper)[pri:0, instance:com.runner.TestRunnerTestNG@247bddad]" started-at="2025-09-10T22:33:50 IST" name="runScenario" description="Runs Cucumber Scenarios" data-provider="scenarios" finished-at="2025-09-10T22:33:52 IST" duration-ms="1740" status="FAIL">
          <params>
            <param index="0">
              <value>
                <![CDATA["Search and add medicine to cart with filters"]]>
              </value>
            </param>
            <param index="1">
              <value>
                <![CDATA["Buy Medicines flow"]]>
              </value>
            </param>
          </params>
          <exception class="io.cucumber.testng.UndefinedStepException">
            <message>
              <![CDATA[The step 'user searches for medicine "Paracip-650 Tablet 10's"' and 18 other step(s) are undefined.
You can implement these steps using the snippet(s) below:

@When("user searches for medicine {string}")
public void user_searches_for_medicine(String string) {
    // Write code here that turns the phrase above into concrete actions
    throw new io.cucumber.java.PendingException();
}
@When("user applies in-stock and brand filters")
public void user_applies_in_stock_and_brand_filters() {
    // Write code here that turns the phrase above into concrete actions
    throw new io.cucumber.java.PendingException();
}
@Then("medicine {string} should be available")
public void medicine_should_be_available(String string) {
    // Write code here that turns the phrase above into concrete actions
    throw new io.cucumber.java.PendingException();
}
@Then("user adds the product to cart and increases quantity by {int}")
public void user_adds_the_product_to_cart_and_increases_quantity_by(Integer int1) {
    // Write code here that turns the phrase above into concrete actions
    throw new io.cucumber.java.PendingException();
}
@Then("user clicks on View Cart button")
public void user_clicks_on_view_cart_button() {
    // Write code here that turns the phrase above into concrete actions
    throw new io.cucumber.java.PendingException();
}
@Then("user should see the My cart page")
public void user_should_see_the_my_cart_page() {
    // Write code here that turns the phrase above into concrete actions
    throw new io.cucumber.java.PendingException();
}
@Then("user clicks on change address")
public void user_clicks_on_change_address() {
    // Write code here that turns the phrase above into concrete actions
    throw new io.cucumber.java.PendingException();
}
@Then("user clicks on the Add new Address")
public void user_clicks_on_the_add_new_address() {
    // Write code here that turns the phrase above into concrete actions
    throw new io.cucumber.java.PendingException();
}
@Then("user should see the Deliver To Tab")
public void user_should_see_the_deliver_to_tab() {
    // Write code here that turns the phrase above into concrete actions
    throw new io.cucumber.java.PendingException();
}
@Then("user enter the valid pincode and select the pincode")
public void user_enter_the_valid_pincode_and_select_the_pincode() {
    // Write code here that turns the phrase above into concrete actions
    throw new io.cucumber.java.PendingException();
}
@Then("user enter the house number and clicks save and next")
public void user_enter_the_house_number_and_clicks_save_and_next() {
    // Write code here that turns the phrase above into concrete actions
    throw new io.cucumber.java.PendingException();
}
@Then("user clicks first proceed button")
public void user_clicks_first_proceed_button() {
    // Write code here that turns the phrase above into concrete actions
    throw new io.cucumber.java.PendingException();
}
@Then("user clicks Second proceed button")
public void user_clicks_second_proceed_button() {
    // Write code here that turns the phrase above into concrete actions
    throw new io.cucumber.java.PendingException();
}
@Then("user clicks skip savings")
public void user_clicks_skip_savings() {
    // Write code here that turns the phrase above into concrete actions
    throw new io.cucumber.java.PendingException();
}
@Then("user clicks Add patient button")
public void user_clicks_add_patient_button() {
    // Write code here that turns the phrase above into concrete actions
    throw new io.cucumber.java.PendingException();
}
@Then("user fill the patient form details")
public void user_fill_the_patient_form_details() {
    // Write code here that turns the phrase above into concrete actions
    throw new io.cucumber.java.PendingException();
}
@Then("user clicks save button  and confirm button")
public void user_clicks_save_button_and_confirm_button() {
    // Write code here that turns the phrase above into concrete actions
    throw new io.cucumber.java.PendingException();
}
@Then("user clicks  proceed\\(first one) and proceed\\(second one)")
public void user_clicks_proceed_first_one_and_proceed_second_one() {
    // Write code here that turns the phrase above into concrete actions
    throw new io.cucumber.java.PendingException();
}
@Then("user should see the payments tab")
public void user_should_see_the_payments_tab() {
    // Write code here that turns the phrase above into concrete actions
    throw new io.cucumber.java.PendingException();
}
]]>
            </message>
            <full-stacktrace>
              <![CDATA[io.cucumber.testng.UndefinedStepException: The step 'user searches for medicine "Paracip-650 Tablet 10's"' and 18 other step(s) are undefined.
You can implement these steps using the snippet(s) below:

@When("user searches for medicine {string}")
public void user_searches_for_medicine(String string) {
    // Write code here that turns the phrase above into concrete actions
    throw new io.cucumber.java.PendingException();
}
@When("user applies in-stock and brand filters")
public void user_applies_in_stock_and_brand_filters() {
    // Write code here that turns the phrase above into concrete actions
    throw new io.cucumber.java.PendingException();
}
@Then("medicine {string} should be available")
public void medicine_should_be_available(String string) {
    // Write code here that turns the phrase above into concrete actions
    throw new io.cucumber.java.PendingException();
}
@Then("user adds the product to cart and increases quantity by {int}")
public void user_adds_the_product_to_cart_and_increases_quantity_by(Integer int1) {
    // Write code here that turns the phrase above into concrete actions
    throw new io.cucumber.java.PendingException();
}
@Then("user clicks on View Cart button")
public void user_clicks_on_view_cart_button() {
    // Write code here that turns the phrase above into concrete actions
    throw new io.cucumber.java.PendingException();
}
@Then("user should see the My cart page")
public void user_should_see_the_my_cart_page() {
    // Write code here that turns the phrase above into concrete actions
    throw new io.cucumber.java.PendingException();
}
@Then("user clicks on change address")
public void user_clicks_on_change_address() {
    // Write code here that turns the phrase above into concrete actions
    throw new io.cucumber.java.PendingException();
}
@Then("user clicks on the Add new Address")
public void user_clicks_on_the_add_new_address() {
    // Write code here that turns the phrase above into concrete actions
    throw new io.cucumber.java.PendingException();
}
@Then("user should see the Deliver To Tab")
public void user_should_see_the_deliver_to_tab() {
    // Write code here that turns the phrase above into concrete actions
    throw new io.cucumber.java.PendingException();
}
@Then("user enter the valid pincode and select the pincode")
public void user_enter_the_valid_pincode_and_select_the_pincode() {
    // Write code here that turns the phrase above into concrete actions
    throw new io.cucumber.java.PendingException();
}
@Then("user enter the house number and clicks save and next")
public void user_enter_the_house_number_and_clicks_save_and_next() {
    // Write code here that turns the phrase above into concrete actions
    throw new io.cucumber.java.PendingException();
}
@Then("user clicks first proceed button")
public void user_clicks_first_proceed_button() {
    // Write code here that turns the phrase above into concrete actions
    throw new io.cucumber.java.PendingException();
}
@Then("user clicks Second proceed button")
public void user_clicks_second_proceed_button() {
    // Write code here that turns the phrase above into concrete actions
    throw new io.cucumber.java.PendingException();
}
@Then("user clicks skip savings")
public void user_clicks_skip_savings() {
    // Write code here that turns the phrase above into concrete actions
    throw new io.cucumber.java.PendingException();
}
@Then("user clicks Add patient button")
public void user_clicks_add_patient_button() {
    // Write code here that turns the phrase above into concrete actions
    throw new io.cucumber.java.PendingException();
}
@Then("user fill the patient form details")
public void user_fill_the_patient_form_details() {
    // Write code here that turns the phrase above into concrete actions
    throw new io.cucumber.java.PendingException();
}
@Then("user clicks save button  and confirm button")
public void user_clicks_save_button_and_confirm_button() {
    // Write code here that turns the phrase above into concrete actions
    throw new io.cucumber.java.PendingException();
}
@Then("user clicks  proceed\\(first one) and proceed\\(second one)")
public void user_clicks_proceed_first_one_and_proceed_second_one() {
    // Write code here that turns the phrase above into concrete actions
    throw new io.cucumber.java.PendingException();
}
@Then("user should see the payments tab")
public void user_should_see_the_payments_tab() {
    // Write code here that turns the phrase above into concrete actions
    throw new io.cucumber.java.PendingException();
}

at ✽.user searches for medicine "Paracip-650 Tablet 10's"(file:///C:/Users/User/eclipse-workspace/Apollo247TestingApp/src/test/resources/Features/3_1_1placeoorderstep.feature:6)
]]>
            </full-stacktrace>
          </exception> <!-- io.cucumber.testng.UndefinedStepException -->
          <reporter-output>
          </reporter-output>
        </test-method> <!-- runScenario -->
        <test-method signature="runScenario(io.cucumber.testng.PickleWrapper,io.cucumber.testng.FeatureWrapper)[pri:0, instance:com.runner.TestRunnerTestNG@247bddad]" started-at="2025-09-10T22:33:52 IST" name="runScenario" description="Runs Cucumber Scenarios" data-provider="scenarios" finished-at="2025-09-10T22:33:53 IST" duration-ms="1678" status="PASS">
          <params>
            <param index="0">
              <value>
                <![CDATA["Buy Medicines tab opens successfully"]]>
              </value>
            </param>
            <param index="1">
              <value>
                <![CDATA["Buy Medicines Tab Opening"]]>
              </value>
            </param>
          </params>
          <reporter-output>
          </reporter-output>
        </test-method> <!-- runScenario -->
        <test-method signature="runScenario(io.cucumber.testng.PickleWrapper,io.cucumber.testng.FeatureWrapper)[pri:0, instance:com.runner.TestRunnerTestNG@247bddad]" started-at="2025-09-10T22:33:53 IST" name="runScenario" description="Runs Cucumber Scenarios" data-provider="scenarios" finished-at="2025-09-10T22:33:55 IST" duration-ms="1627" status="FAIL">
          <params>
            <param index="0">
              <value>
                <![CDATA["Search for unavailable medicine"]]>
              </value>
            </param>
            <param index="1">
              <value>
                <![CDATA["Buy Medicines flow - Negative Scenarios"]]>
              </value>
            </param>
          </params>
          <exception class="io.cucumber.testng.UndefinedStepException">
            <message>
              <![CDATA[The step 'user searches for medicine "@@@!!!"' and 1 other step(s) are undefined.
You can implement these steps using the snippet(s) below:

@When("user searches for medicine {string}")
public void user_searches_for_medicine(String string) {
    // Write code here that turns the phrase above into concrete actions
    throw new io.cucumber.java.PendingException();
}
@Then("medicine should not be available in search results")
public void medicine_should_not_be_available_in_search_results() {
    // Write code here that turns the phrase above into concrete actions
    throw new io.cucumber.java.PendingException();
}
]]>
            </message>
            <full-stacktrace>
              <![CDATA[io.cucumber.testng.UndefinedStepException: The step 'user searches for medicine "@@@!!!"' and 1 other step(s) are undefined.
You can implement these steps using the snippet(s) below:

@When("user searches for medicine {string}")
public void user_searches_for_medicine(String string) {
    // Write code here that turns the phrase above into concrete actions
    throw new io.cucumber.java.PendingException();
}
@Then("medicine should not be available in search results")
public void medicine_should_not_be_available_in_search_results() {
    // Write code here that turns the phrase above into concrete actions
    throw new io.cucumber.java.PendingException();
}

at ✽.user searches for medicine "@@@!!!"(file:///C:/Users/User/eclipse-workspace/Apollo247TestingApp/src/test/resources/Features/3_1_SearchInvalidMedicine.feature:6)
]]>
            </full-stacktrace>
          </exception> <!-- io.cucumber.testng.UndefinedStepException -->
          <reporter-output>
          </reporter-output>
        </test-method> <!-- runScenario -->
        <test-method signature="runScenario(io.cucumber.testng.PickleWrapper,io.cucumber.testng.FeatureWrapper)[pri:0, instance:com.runner.TestRunnerTestNG@247bddad]" started-at="2025-09-10T22:33:55 IST" name="runScenario" description="Runs Cucumber Scenarios" data-provider="scenarios" finished-at="2025-09-10T22:33:57 IST" duration-ms="1525" status="FAIL">
          <params>
            <param index="0">
              <value>
                <![CDATA["Apply filters that result in no products"]]>
              </value>
            </param>
            <param index="1">
              <value>
                <![CDATA["Buy Medicines Flow - Negative Scenario: Filters result in no products"]]>
              </value>
            </param>
          </params>
          <exception class="io.cucumber.testng.UndefinedStepException">
            <message>
              <![CDATA[The step 'user searches for medicine "Paracip-650 Tablet 10's"' and 2 other step(s) are undefined.
You can implement these steps using the snippet(s) below:

@When("user searches for medicine {string}")
public void user_searches_for_medicine(String string) {
    // Write code here that turns the phrase above into concrete actions
    throw new io.cucumber.java.PendingException();
}
@When("user applies Inappropriate filter")
public void user_applies_inappropriate_filter() {
    // Write code here that turns the phrase above into concrete actions
    throw new io.cucumber.java.PendingException();
}
@Then("user should see {string} message")
public void user_should_see_message(String string) {
    // Write code here that turns the phrase above into concrete actions
    throw new io.cucumber.java.PendingException();
}
]]>
            </message>
            <full-stacktrace>
              <![CDATA[io.cucumber.testng.UndefinedStepException: The step 'user searches for medicine "Paracip-650 Tablet 10's"' and 2 other step(s) are undefined.
You can implement these steps using the snippet(s) below:

@When("user searches for medicine {string}")
public void user_searches_for_medicine(String string) {
    // Write code here that turns the phrase above into concrete actions
    throw new io.cucumber.java.PendingException();
}
@When("user applies Inappropriate filter")
public void user_applies_inappropriate_filter() {
    // Write code here that turns the phrase above into concrete actions
    throw new io.cucumber.java.PendingException();
}
@Then("user should see {string} message")
public void user_should_see_message(String string) {
    // Write code here that turns the phrase above into concrete actions
    throw new io.cucumber.java.PendingException();
}

at ✽.user searches for medicine "Paracip-650 Tablet 10's"(file:///C:/Users/User/eclipse-workspace/Apollo247TestingApp/src/test/resources/Features/3_2_BuyMedicine_NoProductsFilter.feature:6)
]]>
            </full-stacktrace>
          </exception> <!-- io.cucumber.testng.UndefinedStepException -->
          <reporter-output>
          </reporter-output>
        </test-method> <!-- runScenario -->
        <test-method signature="runScenario(io.cucumber.testng.PickleWrapper,io.cucumber.testng.FeatureWrapper)[pri:0, instance:com.runner.TestRunnerTestNG@247bddad]" started-at="2025-09-10T22:33:57 IST" name="runScenario" description="Runs Cucumber Scenarios" data-provider="scenarios" finished-at="2025-09-10T22:33:58 IST" duration-ms="1464" status="FAIL">
          <params>
            <param index="0">
              <value>
                <![CDATA["Enter invalid pincode while adding new address"]]>
              </value>
            </param>
            <param index="1">
              <value>
                <![CDATA["Buy Medicines flow - Negative Scenarios"]]>
              </value>
            </param>
          </params>
          <exception class="io.cucumber.testng.UndefinedStepException">
            <message>
              <![CDATA[The step 'user searches for medicine "Paracip-650 Tablet 10's"' and 8 other step(s) are undefined.
You can implement these steps using the snippet(s) below:

@When("user searches for medicine {string}")
public void user_searches_for_medicine(String string) {
    // Write code here that turns the phrase above into concrete actions
    throw new io.cucumber.java.PendingException();
}
@When("user adds the product to cart and increases quantity by {int}")
public void user_adds_the_product_to_cart_and_increases_quantity_by(Integer int1) {
    // Write code here that turns the phrase above into concrete actions
    throw new io.cucumber.java.PendingException();
}
@When("user clicks on View Cart button")
public void user_clicks_on_view_cart_button() {
    // Write code here that turns the phrase above into concrete actions
    throw new io.cucumber.java.PendingException();
}
@Then("user should see the My cart page")
public void user_should_see_the_my_cart_page() {
    // Write code here that turns the phrase above into concrete actions
    throw new io.cucumber.java.PendingException();
}
@Then("user clicks on change address")
public void user_clicks_on_change_address() {
    // Write code here that turns the phrase above into concrete actions
    throw new io.cucumber.java.PendingException();
}
@Then("user clicks on the Add new Address")
public void user_clicks_on_the_add_new_address() {
    // Write code here that turns the phrase above into concrete actions
    throw new io.cucumber.java.PendingException();
}
@Then("user should see the Deliver To Tab")
public void user_should_see_the_deliver_to_tab() {
    // Write code here that turns the phrase above into concrete actions
    throw new io.cucumber.java.PendingException();
}
@Then("user enter an invalid pincode {string}")
public void user_enter_an_invalid_pincode(String string) {
    // Write code here that turns the phrase above into concrete actions
    throw new io.cucumber.java.PendingException();
}
@Then("user should see an error message for invalid pincode")
public void user_should_see_an_error_message_for_invalid_pincode() {
    // Write code here that turns the phrase above into concrete actions
    throw new io.cucumber.java.PendingException();
}
]]>
            </message>
            <full-stacktrace>
              <![CDATA[io.cucumber.testng.UndefinedStepException: The step 'user searches for medicine "Paracip-650 Tablet 10's"' and 8 other step(s) are undefined.
You can implement these steps using the snippet(s) below:

@When("user searches for medicine {string}")
public void user_searches_for_medicine(String string) {
    // Write code here that turns the phrase above into concrete actions
    throw new io.cucumber.java.PendingException();
}
@When("user adds the product to cart and increases quantity by {int}")
public void user_adds_the_product_to_cart_and_increases_quantity_by(Integer int1) {
    // Write code here that turns the phrase above into concrete actions
    throw new io.cucumber.java.PendingException();
}
@When("user clicks on View Cart button")
public void user_clicks_on_view_cart_button() {
    // Write code here that turns the phrase above into concrete actions
    throw new io.cucumber.java.PendingException();
}
@Then("user should see the My cart page")
public void user_should_see_the_my_cart_page() {
    // Write code here that turns the phrase above into concrete actions
    throw new io.cucumber.java.PendingException();
}
@Then("user clicks on change address")
public void user_clicks_on_change_address() {
    // Write code here that turns the phrase above into concrete actions
    throw new io.cucumber.java.PendingException();
}
@Then("user clicks on the Add new Address")
public void user_clicks_on_the_add_new_address() {
    // Write code here that turns the phrase above into concrete actions
    throw new io.cucumber.java.PendingException();
}
@Then("user should see the Deliver To Tab")
public void user_should_see_the_deliver_to_tab() {
    // Write code here that turns the phrase above into concrete actions
    throw new io.cucumber.java.PendingException();
}
@Then("user enter an invalid pincode {string}")
public void user_enter_an_invalid_pincode(String string) {
    // Write code here that turns the phrase above into concrete actions
    throw new io.cucumber.java.PendingException();
}
@Then("user should see an error message for invalid pincode")
public void user_should_see_an_error_message_for_invalid_pincode() {
    // Write code here that turns the phrase above into concrete actions
    throw new io.cucumber.java.PendingException();
}

at ✽.user searches for medicine "Paracip-650 Tablet 10's"(file:///C:/Users/User/eclipse-workspace/Apollo247TestingApp/src/test/resources/Features/3_3_InvalidPincode.feature:7)
]]>
            </full-stacktrace>
          </exception> <!-- io.cucumber.testng.UndefinedStepException -->
          <reporter-output>
          </reporter-output>
        </test-method> <!-- runScenario -->
        <test-method signature="runScenario(io.cucumber.testng.PickleWrapper,io.cucumber.testng.FeatureWrapper)[pri:0, instance:com.runner.TestRunnerTestNG@247bddad]" started-at="2025-09-10T22:33:58 IST" name="runScenario" description="Runs Cucumber Scenarios" data-provider="scenarios" finished-at="2025-09-10T22:34:00 IST" duration-ms="1603" status="FAIL">
          <params>
            <param index="0">
              <value>
                <![CDATA["Leave mandatory fields empty in recipient details"]]>
              </value>
            </param>
            <param index="1">
              <value>
                <![CDATA["Buy Medicines Flow - Negative Scenario: Mandatory recipient details"]]>
              </value>
            </param>
          </params>
          <exception class="io.cucumber.testng.UndefinedStepException">
            <message>
              <![CDATA[The step 'user searches for medicine "Paracip-650 Tablet 10's"' and 8 other step(s) are undefined.
You can implement these steps using the snippet(s) below:

@When("user searches for medicine {string}")
public void user_searches_for_medicine(String string) {
    // Write code here that turns the phrase above into concrete actions
    throw new io.cucumber.java.PendingException();
}
@When("user adds the product to cart")
public void user_adds_the_product_to_cart() {
    // Write code here that turns the phrase above into concrete actions
    throw new io.cucumber.java.PendingException();
}
@When("user clicks on View Cart button")
public void user_clicks_on_view_cart_button() {
    // Write code here that turns the phrase above into concrete actions
    throw new io.cucumber.java.PendingException();
}
@Then("user should see the My cart page")
public void user_should_see_the_my_cart_page() {
    // Write code here that turns the phrase above into concrete actions
    throw new io.cucumber.java.PendingException();
}
@Then("user clicks on change address")
public void user_clicks_on_change_address() {
    // Write code here that turns the phrase above into concrete actions
    throw new io.cucumber.java.PendingException();
}
@Then("user clicks on Add new Address")
public void user_clicks_on_add_new_address() {
    // Write code here that turns the phrase above into concrete actions
    throw new io.cucumber.java.PendingException();
}
@Then("user enters valid pincode and selects")
public void user_enters_valid_pincode_and_selects() {
    // Write code here that turns the phrase above into concrete actions
    throw new io.cucumber.java.PendingException();
}
@Then("user leaves recipient name empty")
public void user_leaves_recipient_name_empty() {
    // Write code here that turns the phrase above into concrete actions
    throw new io.cucumber.java.PendingException();
}
@Then("user should see an error message {string}")
public void user_should_see_an_error_message(String string) {
    // Write code here that turns the phrase above into concrete actions
    throw new io.cucumber.java.PendingException();
}
]]>
            </message>
            <full-stacktrace>
              <![CDATA[io.cucumber.testng.UndefinedStepException: The step 'user searches for medicine "Paracip-650 Tablet 10's"' and 8 other step(s) are undefined.
You can implement these steps using the snippet(s) below:

@When("user searches for medicine {string}")
public void user_searches_for_medicine(String string) {
    // Write code here that turns the phrase above into concrete actions
    throw new io.cucumber.java.PendingException();
}
@When("user adds the product to cart")
public void user_adds_the_product_to_cart() {
    // Write code here that turns the phrase above into concrete actions
    throw new io.cucumber.java.PendingException();
}
@When("user clicks on View Cart button")
public void user_clicks_on_view_cart_button() {
    // Write code here that turns the phrase above into concrete actions
    throw new io.cucumber.java.PendingException();
}
@Then("user should see the My cart page")
public void user_should_see_the_my_cart_page() {
    // Write code here that turns the phrase above into concrete actions
    throw new io.cucumber.java.PendingException();
}
@Then("user clicks on change address")
public void user_clicks_on_change_address() {
    // Write code here that turns the phrase above into concrete actions
    throw new io.cucumber.java.PendingException();
}
@Then("user clicks on Add new Address")
public void user_clicks_on_add_new_address() {
    // Write code here that turns the phrase above into concrete actions
    throw new io.cucumber.java.PendingException();
}
@Then("user enters valid pincode and selects")
public void user_enters_valid_pincode_and_selects() {
    // Write code here that turns the phrase above into concrete actions
    throw new io.cucumber.java.PendingException();
}
@Then("user leaves recipient name empty")
public void user_leaves_recipient_name_empty() {
    // Write code here that turns the phrase above into concrete actions
    throw new io.cucumber.java.PendingException();
}
@Then("user should see an error message {string}")
public void user_should_see_an_error_message(String string) {
    // Write code here that turns the phrase above into concrete actions
    throw new io.cucumber.java.PendingException();
}

at ✽.user searches for medicine "Paracip-650 Tablet 10's"(file:///C:/Users/User/eclipse-workspace/Apollo247TestingApp/src/test/resources/Features/3_4_EmptyRecipientName.feature:4)
]]>
            </full-stacktrace>
          </exception> <!-- io.cucumber.testng.UndefinedStepException -->
          <reporter-output>
          </reporter-output>
        </test-method> <!-- runScenario -->
        <test-method signature="runScenario(io.cucumber.testng.PickleWrapper,io.cucumber.testng.FeatureWrapper)[pri:0, instance:com.runner.TestRunnerTestNG@247bddad]" started-at="2025-09-10T22:34:00 IST" name="runScenario" description="Runs Cucumber Scenarios" data-provider="scenarios" finished-at="2025-09-10T22:34:01 IST" duration-ms="1615" status="FAIL">
          <params>
            <param index="0">
              <value>
                <![CDATA["Search, add to cart, and place order for self"]]>
              </value>
            </param>
            <param index="1">
              <value>
                <![CDATA["Buy Medicines Flow - Order for Self"]]>
              </value>
            </param>
          </params>
          <exception class="io.cucumber.testng.UndefinedStepException">
            <message>
              <![CDATA[The step 'user searches for medicine "Paracip-650 Tablet 10's"' and 19 other step(s) are undefined.
You can implement these steps using the snippet(s) below:

@When("user searches for medicine {string}")
public void user_searches_for_medicine(String string) {
    // Write code here that turns the phrase above into concrete actions
    throw new io.cucumber.java.PendingException();
}
@When("user applies in-stock and brand filters")
public void user_applies_in_stock_and_brand_filters() {
    // Write code here that turns the phrase above into concrete actions
    throw new io.cucumber.java.PendingException();
}
@Then("medicine {string} should be available")
public void medicine_should_be_available(String string) {
    // Write code here that turns the phrase above into concrete actions
    throw new io.cucumber.java.PendingException();
}
@Then("user adds the product to cart and increases quantity by {int}")
public void user_adds_the_product_to_cart_and_increases_quantity_by(Integer int1) {
    // Write code here that turns the phrase above into concrete actions
    throw new io.cucumber.java.PendingException();
}
@Then("user clicks on View Cart button")
public void user_clicks_on_view_cart_button() {
    // Write code here that turns the phrase above into concrete actions
    throw new io.cucumber.java.PendingException();
}
@Then("user should see the My cart page")
public void user_should_see_the_my_cart_page() {
    // Write code here that turns the phrase above into concrete actions
    throw new io.cucumber.java.PendingException();
}
@Then("user clicks on change address")
public void user_clicks_on_change_address() {
    // Write code here that turns the phrase above into concrete actions
    throw new io.cucumber.java.PendingException();
}
@Then("user clicks on Add new Address")
public void user_clicks_on_add_new_address() {
    // Write code here that turns the phrase above into concrete actions
    throw new io.cucumber.java.PendingException();
}
@Then("user should see the Deliver To Tab")
public void user_should_see_the_deliver_to_tab() {
    // Write code here that turns the phrase above into concrete actions
    throw new io.cucumber.java.PendingException();
}
@Then("user enters valid pincode and selects")
public void user_enters_valid_pincode_and_selects() {
    // Write code here that turns the phrase above into concrete actions
    throw new io.cucumber.java.PendingException();
}
@Then("user enters house number and clicks save and next")
public void user_enters_house_number_and_clicks_save_and_next() {
    // Write code here that turns the phrase above into concrete actions
    throw new io.cucumber.java.PendingException();
}
@Then("user selects {string} as recipient")
public void user_selects_as_recipient(String string) {
    // Write code here that turns the phrase above into concrete actions
    throw new io.cucumber.java.PendingException();
}
@Then("user clicks first proceed button")
public void user_clicks_first_proceed_button() {
    // Write code here that turns the phrase above into concrete actions
    throw new io.cucumber.java.PendingException();
}
@Then("user clicks second proceed button")
public void user_clicks_second_proceed_button() {
    // Write code here that turns the phrase above into concrete actions
    throw new io.cucumber.java.PendingException();
}
@Then("user clicks skip savings")
public void user_clicks_skip_savings() {
    // Write code here that turns the phrase above into concrete actions
    throw new io.cucumber.java.PendingException();
}
@Then("user clicks Add patient button")
public void user_clicks_add_patient_button() {
    // Write code here that turns the phrase above into concrete actions
    throw new io.cucumber.java.PendingException();
}
@Then("user fills the patient form details")
public void user_fills_the_patient_form_details() {
    // Write code here that turns the phrase above into concrete actions
    throw new io.cucumber.java.PendingException();
}
@Then("user clicks save and confirm")
public void user_clicks_save_and_confirm() {
    // Write code here that turns the phrase above into concrete actions
    throw new io.cucumber.java.PendingException();
}
@Then("user clicks proceed \\(first) and proceed \\(second)")
public void user_clicks_proceed_first_and_proceed_second() {
    // Write code here that turns the phrase above into concrete actions
    throw new io.cucumber.java.PendingException();
}
@Then("user should see the payments tab")
public void user_should_see_the_payments_tab() {
    // Write code here that turns the phrase above into concrete actions
    throw new io.cucumber.java.PendingException();
}
]]>
            </message>
            <full-stacktrace>
              <![CDATA[io.cucumber.testng.UndefinedStepException: The step 'user searches for medicine "Paracip-650 Tablet 10's"' and 19 other step(s) are undefined.
You can implement these steps using the snippet(s) below:

@When("user searches for medicine {string}")
public void user_searches_for_medicine(String string) {
    // Write code here that turns the phrase above into concrete actions
    throw new io.cucumber.java.PendingException();
}
@When("user applies in-stock and brand filters")
public void user_applies_in_stock_and_brand_filters() {
    // Write code here that turns the phrase above into concrete actions
    throw new io.cucumber.java.PendingException();
}
@Then("medicine {string} should be available")
public void medicine_should_be_available(String string) {
    // Write code here that turns the phrase above into concrete actions
    throw new io.cucumber.java.PendingException();
}
@Then("user adds the product to cart and increases quantity by {int}")
public void user_adds_the_product_to_cart_and_increases_quantity_by(Integer int1) {
    // Write code here that turns the phrase above into concrete actions
    throw new io.cucumber.java.PendingException();
}
@Then("user clicks on View Cart button")
public void user_clicks_on_view_cart_button() {
    // Write code here that turns the phrase above into concrete actions
    throw new io.cucumber.java.PendingException();
}
@Then("user should see the My cart page")
public void user_should_see_the_my_cart_page() {
    // Write code here that turns the phrase above into concrete actions
    throw new io.cucumber.java.PendingException();
}
@Then("user clicks on change address")
public void user_clicks_on_change_address() {
    // Write code here that turns the phrase above into concrete actions
    throw new io.cucumber.java.PendingException();
}
@Then("user clicks on Add new Address")
public void user_clicks_on_add_new_address() {
    // Write code here that turns the phrase above into concrete actions
    throw new io.cucumber.java.PendingException();
}
@Then("user should see the Deliver To Tab")
public void user_should_see_the_deliver_to_tab() {
    // Write code here that turns the phrase above into concrete actions
    throw new io.cucumber.java.PendingException();
}
@Then("user enters valid pincode and selects")
public void user_enters_valid_pincode_and_selects() {
    // Write code here that turns the phrase above into concrete actions
    throw new io.cucumber.java.PendingException();
}
@Then("user enters house number and clicks save and next")
public void user_enters_house_number_and_clicks_save_and_next() {
    // Write code here that turns the phrase above into concrete actions
    throw new io.cucumber.java.PendingException();
}
@Then("user selects {string} as recipient")
public void user_selects_as_recipient(String string) {
    // Write code here that turns the phrase above into concrete actions
    throw new io.cucumber.java.PendingException();
}
@Then("user clicks first proceed button")
public void user_clicks_first_proceed_button() {
    // Write code here that turns the phrase above into concrete actions
    throw new io.cucumber.java.PendingException();
}
@Then("user clicks second proceed button")
public void user_clicks_second_proceed_button() {
    // Write code here that turns the phrase above into concrete actions
    throw new io.cucumber.java.PendingException();
}
@Then("user clicks skip savings")
public void user_clicks_skip_savings() {
    // Write code here that turns the phrase above into concrete actions
    throw new io.cucumber.java.PendingException();
}
@Then("user clicks Add patient button")
public void user_clicks_add_patient_button() {
    // Write code here that turns the phrase above into concrete actions
    throw new io.cucumber.java.PendingException();
}
@Then("user fills the patient form details")
public void user_fills_the_patient_form_details() {
    // Write code here that turns the phrase above into concrete actions
    throw new io.cucumber.java.PendingException();
}
@Then("user clicks save and confirm")
public void user_clicks_save_and_confirm() {
    // Write code here that turns the phrase above into concrete actions
    throw new io.cucumber.java.PendingException();
}
@Then("user clicks proceed \\(first) and proceed \\(second)")
public void user_clicks_proceed_first_and_proceed_second() {
    // Write code here that turns the phrase above into concrete actions
    throw new io.cucumber.java.PendingException();
}
@Then("user should see the payments tab")
public void user_should_see_the_payments_tab() {
    // Write code here that turns the phrase above into concrete actions
    throw new io.cucumber.java.PendingException();
}

at ✽.user searches for medicine "Paracip-650 Tablet 10's"(file:///C:/Users/User/eclipse-workspace/Apollo247TestingApp/src/test/resources/Features/3_5_BuyMedicine_OrderForMySelf.feature:7)
]]>
            </full-stacktrace>
          </exception> <!-- io.cucumber.testng.UndefinedStepException -->
          <reporter-output>
          </reporter-output>
        </test-method> <!-- runScenario -->
        <test-method signature="runScenario(io.cucumber.testng.PickleWrapper,io.cucumber.testng.FeatureWrapper)[pri:0, instance:com.runner.TestRunnerTestNG@247bddad]" started-at="2025-09-10T22:34:01 IST" name="runScenario" description="Runs Cucumber Scenarios" data-provider="scenarios" finished-at="2025-09-10T22:34:03 IST" duration-ms="1620" status="FAIL">
          <params>
            <param index="0">
              <value>
                <![CDATA["Search, add to cart, and place order for someone else"]]>
              </value>
            </param>
            <param index="1">
              <value>
                <![CDATA["Buy Medicines Flow - Order for Someone Else"]]>
              </value>
            </param>
          </params>
          <exception class="io.cucumber.testng.UndefinedStepException">
            <message>
              <![CDATA[The step 'user searches for medicine "Paracip-650 Tablet 10's"' and 21 other step(s) are undefined.
You can implement these steps using the snippet(s) below:

@When("user searches for medicine {string}")
public void user_searches_for_medicine(String string) {
    // Write code here that turns the phrase above into concrete actions
    throw new io.cucumber.java.PendingException();
}
@When("user applies in-stock and brand filters")
public void user_applies_in_stock_and_brand_filters() {
    // Write code here that turns the phrase above into concrete actions
    throw new io.cucumber.java.PendingException();
}
@Then("medicine {string} should be available")
public void medicine_should_be_available(String string) {
    // Write code here that turns the phrase above into concrete actions
    throw new io.cucumber.java.PendingException();
}
@Then("user adds the product to cart and increases quantity by {int}")
public void user_adds_the_product_to_cart_and_increases_quantity_by(Integer int1) {
    // Write code here that turns the phrase above into concrete actions
    throw new io.cucumber.java.PendingException();
}
@Then("user clicks on View Cart button")
public void user_clicks_on_view_cart_button() {
    // Write code here that turns the phrase above into concrete actions
    throw new io.cucumber.java.PendingException();
}
@Then("user should see the My cart page")
public void user_should_see_the_my_cart_page() {
    // Write code here that turns the phrase above into concrete actions
    throw new io.cucumber.java.PendingException();
}
@Then("user clicks on change address")
public void user_clicks_on_change_address() {
    // Write code here that turns the phrase above into concrete actions
    throw new io.cucumber.java.PendingException();
}
@Then("user clicks on Add new Address")
public void user_clicks_on_add_new_address() {
    // Write code here that turns the phrase above into concrete actions
    throw new io.cucumber.java.PendingException();
}
@Then("user should see the Deliver To Tab")
public void user_should_see_the_deliver_to_tab() {
    // Write code here that turns the phrase above into concrete actions
    throw new io.cucumber.java.PendingException();
}
@Then("user enters valid pincode and selects")
public void user_enters_valid_pincode_and_selects() {
    // Write code here that turns the phrase above into concrete actions
    throw new io.cucumber.java.PendingException();
}
@Then("user enters house number and clicks save and next")
public void user_enters_house_number_and_clicks_save_and_next() {
    // Write code here that turns the phrase above into concrete actions
    throw new io.cucumber.java.PendingException();
}
@Then("user selects {string} as recipient")
public void user_selects_as_recipient(String string) {
    // Write code here that turns the phrase above into concrete actions
    throw new io.cucumber.java.PendingException();
}
@Then("user fills recipient name and details")
public void user_fills_recipient_name_and_details() {
    // Write code here that turns the phrase above into concrete actions
    throw new io.cucumber.java.PendingException();
}
@Then("user clicks save and confirm")
public void user_clicks_save_and_confirm() {
    // Write code here that turns the phrase above into concrete actions
    throw new io.cucumber.java.PendingException();
}
@Then("user clicks first proceed button")
public void user_clicks_first_proceed_button() {
    // Write code here that turns the phrase above into concrete actions
    throw new io.cucumber.java.PendingException();
}
@Then("user clicks second proceed button")
public void user_clicks_second_proceed_button() {
    // Write code here that turns the phrase above into concrete actions
    throw new io.cucumber.java.PendingException();
}
@Then("user clicks skip savings")
public void user_clicks_skip_savings() {
    // Write code here that turns the phrase above into concrete actions
    throw new io.cucumber.java.PendingException();
}
@Then("user clicks Add patient button")
public void user_clicks_add_patient_button() {
    // Write code here that turns the phrase above into concrete actions
    throw new io.cucumber.java.PendingException();
}
@Then("user fills the patient form details")
public void user_fills_the_patient_form_details() {
    // Write code here that turns the phrase above into concrete actions
    throw new io.cucumber.java.PendingException();
}
@Then("user clicks proceed \\(first) and proceed \\(second)")
public void user_clicks_proceed_first_and_proceed_second() {
    // Write code here that turns the phrase above into concrete actions
    throw new io.cucumber.java.PendingException();
}
@Then("user should see the payments tab")
public void user_should_see_the_payments_tab() {
    // Write code here that turns the phrase above into concrete actions
    throw new io.cucumber.java.PendingException();
}
]]>
            </message>
            <full-stacktrace>
              <![CDATA[io.cucumber.testng.UndefinedStepException: The step 'user searches for medicine "Paracip-650 Tablet 10's"' and 21 other step(s) are undefined.
You can implement these steps using the snippet(s) below:

@When("user searches for medicine {string}")
public void user_searches_for_medicine(String string) {
    // Write code here that turns the phrase above into concrete actions
    throw new io.cucumber.java.PendingException();
}
@When("user applies in-stock and brand filters")
public void user_applies_in_stock_and_brand_filters() {
    // Write code here that turns the phrase above into concrete actions
    throw new io.cucumber.java.PendingException();
}
@Then("medicine {string} should be available")
public void medicine_should_be_available(String string) {
    // Write code here that turns the phrase above into concrete actions
    throw new io.cucumber.java.PendingException();
}
@Then("user adds the product to cart and increases quantity by {int}")
public void user_adds_the_product_to_cart_and_increases_quantity_by(Integer int1) {
    // Write code here that turns the phrase above into concrete actions
    throw new io.cucumber.java.PendingException();
}
@Then("user clicks on View Cart button")
public void user_clicks_on_view_cart_button() {
    // Write code here that turns the phrase above into concrete actions
    throw new io.cucumber.java.PendingException();
}
@Then("user should see the My cart page")
public void user_should_see_the_my_cart_page() {
    // Write code here that turns the phrase above into concrete actions
    throw new io.cucumber.java.PendingException();
}
@Then("user clicks on change address")
public void user_clicks_on_change_address() {
    // Write code here that turns the phrase above into concrete actions
    throw new io.cucumber.java.PendingException();
}
@Then("user clicks on Add new Address")
public void user_clicks_on_add_new_address() {
    // Write code here that turns the phrase above into concrete actions
    throw new io.cucumber.java.PendingException();
}
@Then("user should see the Deliver To Tab")
public void user_should_see_the_deliver_to_tab() {
    // Write code here that turns the phrase above into concrete actions
    throw new io.cucumber.java.PendingException();
}
@Then("user enters valid pincode and selects")
public void user_enters_valid_pincode_and_selects() {
    // Write code here that turns the phrase above into concrete actions
    throw new io.cucumber.java.PendingException();
}
@Then("user enters house number and clicks save and next")
public void user_enters_house_number_and_clicks_save_and_next() {
    // Write code here that turns the phrase above into concrete actions
    throw new io.cucumber.java.PendingException();
}
@Then("user selects {string} as recipient")
public void user_selects_as_recipient(String string) {
    // Write code here that turns the phrase above into concrete actions
    throw new io.cucumber.java.PendingException();
}
@Then("user fills recipient name and details")
public void user_fills_recipient_name_and_details() {
    // Write code here that turns the phrase above into concrete actions
    throw new io.cucumber.java.PendingException();
}
@Then("user clicks save and confirm")
public void user_clicks_save_and_confirm() {
    // Write code here that turns the phrase above into concrete actions
    throw new io.cucumber.java.PendingException();
}
@Then("user clicks first proceed button")
public void user_clicks_first_proceed_button() {
    // Write code here that turns the phrase above into concrete actions
    throw new io.cucumber.java.PendingException();
}
@Then("user clicks second proceed button")
public void user_clicks_second_proceed_button() {
    // Write code here that turns the phrase above into concrete actions
    throw new io.cucumber.java.PendingException();
}
@Then("user clicks skip savings")
public void user_clicks_skip_savings() {
    // Write code here that turns the phrase above into concrete actions
    throw new io.cucumber.java.PendingException();
}
@Then("user clicks Add patient button")
public void user_clicks_add_patient_button() {
    // Write code here that turns the phrase above into concrete actions
    throw new io.cucumber.java.PendingException();
}
@Then("user fills the patient form details")
public void user_fills_the_patient_form_details() {
    // Write code here that turns the phrase above into concrete actions
    throw new io.cucumber.java.PendingException();
}
@Then("user clicks proceed \\(first) and proceed \\(second)")
public void user_clicks_proceed_first_and_proceed_second() {
    // Write code here that turns the phrase above into concrete actions
    throw new io.cucumber.java.PendingException();
}
@Then("user should see the payments tab")
public void user_should_see_the_payments_tab() {
    // Write code here that turns the phrase above into concrete actions
    throw new io.cucumber.java.PendingException();
}

at ✽.user searches for medicine "Paracip-650 Tablet 10's"(file:///C:/Users/User/eclipse-workspace/Apollo247TestingApp/src/test/resources/Features/3_6_BuyMedicine_OrderForSomeoneElse.feature:7)
]]>
            </full-stacktrace>
          </exception> <!-- io.cucumber.testng.UndefinedStepException -->
          <reporter-output>
          </reporter-output>
        </test-method> <!-- runScenario -->
        <test-method is-config="true" signature="tearDownClass()[pri:0, instance:com.runner.TestRunnerTestNG@247bddad]" started-at="2025-09-10T22:34:03 IST" name="tearDownClass" finished-at="2025-09-10T22:34:03 IST" duration-ms="558" status="PASS">
          <reporter-output>
          </reporter-output>
        </test-method> <!-- tearDownClass -->
      </class> <!-- com.runner.TestRunnerTestNG -->
    </test> <!-- Default test -->
  </suite> <!-- Default suite -->
</testng-results>
