<?xml version="1.0" encoding="UTF-8"?>
<testng-results ignored="0" total="3" passed="2" failed="1" skipped="0">
  <reporter-output>
  </reporter-output>
  <suite started-at="2025-09-09T13:35:01 IST" name="Default suite" finished-at="2025-09-09T13:36:12 IST" duration-ms="71254">
    <groups>
      <group name="cucumber">
        <method signature="AbstractTestNGCucumberTests.runScenario(io.cucumber.testng.PickleWrapper,io.cucumber.testng.FeatureWrapper)[pri:0, instance:com.runner.TestRunnerTestNG@247bddad]" name="runScenario" class="io.cucumber.testng.AbstractTestNGCucumberTests"/>
      </group> <!-- cucumber -->
    </groups>
    <test started-at="2025-09-09T13:35:01 IST" name="Default test" finished-at="2025-09-09T13:36:12 IST" duration-ms="71254">
      <class name="com.runner.TestRunnerTestNG">
        <test-method is-config="true" signature="setUpClass(org.testng.ITestContext)[pri:0, instance:com.runner.TestRunnerTestNG@247bddad]" started-at="2025-09-09T13:35:01 IST" name="setUpClass" finished-at="2025-09-09T13:35:09 IST" duration-ms="8241" status="PASS">
          <params>
            <param index="0">
              <value>
                <![CDATA[org.testng.TestRunner@685d7ba5]]>
              </value>
            </param>
          </params>
          <reporter-output>
          </reporter-output>
        </test-method> <!-- setUpClass -->
        <test-method signature="runScenario(io.cucumber.testng.PickleWrapper,io.cucumber.testng.FeatureWrapper)[pri:0, instance:com.runner.TestRunnerTestNG@247bddad]" started-at="2025-09-09T13:35:09 IST" name="runScenario" description="Runs Cucumber Scenarios" data-provider="scenarios" finished-at="2025-09-09T13:35:11 IST" duration-ms="1791" status="PASS">
          <params>
            <param index="0">
              <value>
                <![CDATA["Launching the browser successfully"]]>
              </value>
            </param>
            <param index="1">
              <value>
                <![CDATA["Launching the browser"]]>
              </value>
            </param>
          </params>
          <reporter-output>
          </reporter-output>
        </test-method> <!-- runScenario -->
        <test-method signature="runScenario(io.cucumber.testng.PickleWrapper,io.cucumber.testng.FeatureWrapper)[pri:0, instance:com.runner.TestRunnerTestNG@247bddad]" started-at="2025-09-09T13:35:11 IST" name="runScenario" description="Runs Cucumber Scenarios" data-provider="scenarios" finished-at="2025-09-09T13:35:48 IST" duration-ms="36286" status="PASS">
          <params>
            <param index="0">
              <value>
                <![CDATA["Login successfully"]]>
              </value>
            </param>
            <param index="1">
              <value>
                <![CDATA["Login"]]>
              </value>
            </param>
          </params>
          <reporter-output>
          </reporter-output>
        </test-method> <!-- runScenario -->
        <test-method signature="runScenario(io.cucumber.testng.PickleWrapper,io.cucumber.testng.FeatureWrapper)[pri:0, instance:com.runner.TestRunnerTestNG@247bddad]" started-at="2025-09-09T13:35:48 IST" name="runScenario" description="Runs Cucumber Scenarios" data-provider="scenarios" finished-at="2025-09-09T13:36:11 IST" duration-ms="23575" status="FAIL">
          <params>
            <param index="0">
              <value>
                <![CDATA["Search and add medicine to cart with filters"]]>
              </value>
            </param>
            <param index="1">
              <value>
                <![CDATA["Buy Medicines flow"]]>
              </value>
            </param>
          </params>
          <exception class="io.cucumber.testng.UndefinedStepException">
            <message>
              <![CDATA[The step 'user should see the My cart page' and 12 other step(s) are undefined.
You can implement these steps using the snippet(s) below:

@Then("user should see the My cart page")
public void user_should_see_the_my_cart_page() {
    // Write code here that turns the phrase above into concrete actions
    throw new io.cucumber.java.PendingException();
}
@Then("user clicks on chnage address")
public void user_clicks_on_chnage_address() {
    // Write code here that turns the phrase above into concrete actions
    throw new io.cucumber.java.PendingException();
}
@Then("user should see the Deliver To Tab")
public void user_should_see_the_deliver_to_tab() {
    // Write code here that turns the phrase above into concrete actions
    throw new io.cucumber.java.PendingException();
}
@Then("user clicks on the Add new Address")
public void user_clicks_on_the_add_new_address() {
    // Write code here that turns the phrase above into concrete actions
    throw new io.cucumber.java.PendingException();
}
@Then("user enter the valid pincode and select the pincode")
public void user_enter_the_valid_pincode_and_select_the_pincode() {
    // Write code here that turns the phrase above into concrete actions
    throw new io.cucumber.java.PendingException();
}
@Then("user should see enter address details")
public void user_should_see_enter_address_details() {
    // Write code here that turns the phrase above into concrete actions
    throw new io.cucumber.java.PendingException();
}
@Then("user enter the house number and clicks save and next")
public void user_enter_the_house_number_and_clicks_save_and_next() {
    // Write code here that turns the phrase above into concrete actions
    throw new io.cucumber.java.PendingException();
}
@Then("user fill the recipient details")
public void user_fill_the_recipient_details() {
    // Write code here that turns the phrase above into concrete actions
    throw new io.cucumber.java.PendingException();
}
@Then("user clicks the save address")
public void user_clicks_the_save_address() {
    // Write code here that turns the phrase above into concrete actions
    throw new io.cucumber.java.PendingException();
}
@Then("user clicks proceed and again clicks proceed")
public void user_clicks_proceed_and_again_clicks_proceed() {
    // Write code here that turns the phrase above into concrete actions
    throw new io.cucumber.java.PendingException();
}
@Then("user should see the Delivery Type Tab")
public void user_should_see_the_delivery_type_tab() {
    // Write code here that turns the phrase above into concrete actions
    throw new io.cucumber.java.PendingException();
}
@Then("user clicks proceed")
public void user_clicks_proceed() {
    // Write code here that turns the phrase above into concrete actions
    throw new io.cucumber.java.PendingException();
}
@Then("user should see the payments tab")
public void user_should_see_the_payments_tab() {
    // Write code here that turns the phrase above into concrete actions
    throw new io.cucumber.java.PendingException();
}
]]>
            </message>
            <full-stacktrace>
              <![CDATA[io.cucumber.testng.UndefinedStepException: The step 'user should see the My cart page' and 12 other step(s) are undefined.
You can implement these steps using the snippet(s) below:

@Then("user should see the My cart page")
public void user_should_see_the_my_cart_page() {
    // Write code here that turns the phrase above into concrete actions
    throw new io.cucumber.java.PendingException();
}
@Then("user clicks on chnage address")
public void user_clicks_on_chnage_address() {
    // Write code here that turns the phrase above into concrete actions
    throw new io.cucumber.java.PendingException();
}
@Then("user should see the Deliver To Tab")
public void user_should_see_the_deliver_to_tab() {
    // Write code here that turns the phrase above into concrete actions
    throw new io.cucumber.java.PendingException();
}
@Then("user clicks on the Add new Address")
public void user_clicks_on_the_add_new_address() {
    // Write code here that turns the phrase above into concrete actions
    throw new io.cucumber.java.PendingException();
}
@Then("user enter the valid pincode and select the pincode")
public void user_enter_the_valid_pincode_and_select_the_pincode() {
    // Write code here that turns the phrase above into concrete actions
    throw new io.cucumber.java.PendingException();
}
@Then("user should see enter address details")
public void user_should_see_enter_address_details() {
    // Write code here that turns the phrase above into concrete actions
    throw new io.cucumber.java.PendingException();
}
@Then("user enter the house number and clicks save and next")
public void user_enter_the_house_number_and_clicks_save_and_next() {
    // Write code here that turns the phrase above into concrete actions
    throw new io.cucumber.java.PendingException();
}
@Then("user fill the recipient details")
public void user_fill_the_recipient_details() {
    // Write code here that turns the phrase above into concrete actions
    throw new io.cucumber.java.PendingException();
}
@Then("user clicks the save address")
public void user_clicks_the_save_address() {
    // Write code here that turns the phrase above into concrete actions
    throw new io.cucumber.java.PendingException();
}
@Then("user clicks proceed and again clicks proceed")
public void user_clicks_proceed_and_again_clicks_proceed() {
    // Write code here that turns the phrase above into concrete actions
    throw new io.cucumber.java.PendingException();
}
@Then("user should see the Delivery Type Tab")
public void user_should_see_the_delivery_type_tab() {
    // Write code here that turns the phrase above into concrete actions
    throw new io.cucumber.java.PendingException();
}
@Then("user clicks proceed")
public void user_clicks_proceed() {
    // Write code here that turns the phrase above into concrete actions
    throw new io.cucumber.java.PendingException();
}
@Then("user should see the payments tab")
public void user_should_see_the_payments_tab() {
    // Write code here that turns the phrase above into concrete actions
    throw new io.cucumber.java.PendingException();
}

at ✽.user should see the My cart page(file:///C:/Users/User/eclipse-workspace/Apollo247TestingApp/src/test/resources/Features/3_BuyMedicine.feature:11)
]]>
            </full-stacktrace>
          </exception> <!-- io.cucumber.testng.UndefinedStepException -->
          <reporter-output>
          </reporter-output>
        </test-method> <!-- runScenario -->
        <test-method is-config="true" signature="tearDownClass()[pri:0, instance:com.runner.TestRunnerTestNG@247bddad]" started-at="2025-09-09T13:36:11 IST" name="tearDownClass" finished-at="2025-09-09T13:36:12 IST" duration-ms="1237" status="PASS">
          <reporter-output>
          </reporter-output>
        </test-method> <!-- tearDownClass -->
      </class> <!-- com.runner.TestRunnerTestNG -->
    </test> <!-- Default test -->
  </suite> <!-- Default suite -->
</testng-results>
