<?xml version="1.0" encoding="UTF-8"?>
<testng-results ignored="0" total="15" passed="15" failed="0" skipped="0">
  <reporter-output>
  </reporter-output>
  <suite started-at="2025-09-14T12:44:07 IST" name="Default suite" finished-at="2025-09-14T12:47:11 IST" duration-ms="183716">
    <groups>
      <group name="cucumber">
        <method signature="AbstractTestNGCucumberTests.runScenario(io.cucumber.testng.PickleWrapper,io.cucumber.testng.FeatureWrapper)[pri:0, instance:com.runner.TestRunnerTestNG@247bddad]" name="runScenario" class="io.cucumber.testng.AbstractTestNGCucumberTests"/>
      </group> <!-- cucumber -->
    </groups>
    <test started-at="2025-09-14T12:44:07 IST" name="Default test" finished-at="2025-09-14T12:47:11 IST" duration-ms="183716">
      <class name="com.runner.TestRunnerTestNG">
        <test-method is-config="true" signature="setUpClass(org.testng.ITestContext)[pri:0, instance:com.runner.TestRunnerTestNG@247bddad]" started-at="2025-09-14T12:44:07 IST" name="setUpClass" finished-at="2025-09-14T12:44:11 IST" duration-ms="3779" status="PASS">
          <params>
            <param index="0">
              <value>
                <![CDATA[org.testng.TestRunner@57f1a1de]]>
              </value>
            </param>
          </params>
          <reporter-output>
          </reporter-output>
        </test-method> <!-- setUpClass -->
        <test-method signature="runScenario(io.cucumber.testng.PickleWrapper,io.cucumber.testng.FeatureWrapper)[pri:0, instance:com.runner.TestRunnerTestNG@247bddad]" started-at="2025-09-14T12:44:11 IST" name="runScenario" description="Runs Cucumber Scenarios" data-provider="scenarios" finished-at="2025-09-14T12:44:15 IST" duration-ms="4715" status="PASS">
          <params>
            <param index="0">
              <value>
                <![CDATA["Launching the browser successfully"]]>
              </value>
            </param>
            <param index="1">
              <value>
                <![CDATA["Launching the browser"]]>
              </value>
            </param>
          </params>
          <reporter-output>
          </reporter-output>
        </test-method> <!-- runScenario -->
        <test-method signature="runScenario(io.cucumber.testng.PickleWrapper,io.cucumber.testng.FeatureWrapper)[pri:0, instance:com.runner.TestRunnerTestNG@247bddad]" started-at="2025-09-14T12:44:15 IST" name="runScenario" description="Runs Cucumber Scenarios" data-provider="scenarios" finished-at="2025-09-14T12:45:19 IST" duration-ms="63310" status="PASS">
          <params>
            <param index="0">
              <value>
                <![CDATA["Login successfully"]]>
              </value>
            </param>
            <param index="1">
              <value>
                <![CDATA["Login"]]>
              </value>
            </param>
          </params>
          <reporter-output>
          </reporter-output>
        </test-method> <!-- runScenario -->
        <test-method signature="runScenario(io.cucumber.testng.PickleWrapper,io.cucumber.testng.FeatureWrapper)[pri:0, instance:com.runner.TestRunnerTestNG@247bddad]" started-at="2025-09-14T12:45:19 IST" name="runScenario" description="Runs Cucumber Scenarios" data-provider="scenarios" finished-at="2025-09-14T12:45:27 IST" duration-ms="8464" status="PASS">
          <params>
            <param index="0">
              <value>
                <![CDATA["Verify Buy Medicines tab opens successfully"]]>
              </value>
            </param>
            <param index="1">
              <value>
                <![CDATA["Buy Medicines Tab"]]>
              </value>
            </param>
          </params>
          <reporter-output>
          </reporter-output>
        </test-method> <!-- runScenario -->
        <test-method signature="runScenario(io.cucumber.testng.PickleWrapper,io.cucumber.testng.FeatureWrapper)[pri:0, instance:com.runner.TestRunnerTestNG@247bddad]" started-at="2025-09-14T12:45:27 IST" name="runScenario" description="Runs Cucumber Scenarios" data-provider="scenarios" finished-at="2025-09-14T12:45:45 IST" duration-ms="17393" status="PASS">
          <params>
            <param index="0">
              <value>
                <![CDATA["Search with a very long medicine name"]]>
              </value>
            </param>
            <param index="1">
              <value>
                <![CDATA["Medicine Search Functionality"]]>
              </value>
            </param>
          </params>
          <reporter-output>
          </reporter-output>
        </test-method> <!-- runScenario -->
        <test-method signature="runScenario(io.cucumber.testng.PickleWrapper,io.cucumber.testng.FeatureWrapper)[pri:0, instance:com.runner.TestRunnerTestNG@247bddad]" started-at="2025-09-14T12:45:45 IST" name="runScenario" description="Runs Cucumber Scenarios" data-provider="scenarios" finished-at="2025-09-14T12:46:02 IST" duration-ms="17126" status="PASS">
          <params>
            <param index="0">
              <value>
                <![CDATA["Search with invalid characters"]]>
              </value>
            </param>
            <param index="1">
              <value>
                <![CDATA["Medicine Search Functionality"]]>
              </value>
            </param>
          </params>
          <reporter-output>
          </reporter-output>
        </test-method> <!-- runScenario -->
        <test-method signature="runScenario(io.cucumber.testng.PickleWrapper,io.cucumber.testng.FeatureWrapper)[pri:0, instance:com.runner.TestRunnerTestNG@247bddad]" started-at="2025-09-14T12:46:02 IST" name="runScenario" description="Runs Cucumber Scenarios" data-provider="scenarios" finished-at="2025-09-14T12:46:19 IST" duration-ms="17770" status="PASS">
          <params>
            <param index="0">
              <value>
                <![CDATA["Search for a medicine that is out of stock"]]>
              </value>
            </param>
            <param index="1">
              <value>
                <![CDATA["Medicine Search Functionality"]]>
              </value>
            </param>
          </params>
          <reporter-output>
          </reporter-output>
        </test-method> <!-- runScenario -->
        <test-method signature="runScenario(io.cucumber.testng.PickleWrapper,io.cucumber.testng.FeatureWrapper)[pri:0, instance:com.runner.TestRunnerTestNG@247bddad]" started-at="2025-09-14T12:46:19 IST" name="runScenario" description="Runs Cucumber Scenarios" data-provider="scenarios" finished-at="2025-09-14T12:46:37 IST" duration-ms="17471" status="PASS">
          <params>
            <param index="0">
              <value>
                <![CDATA["Search with valid  medicine name"]]>
              </value>
            </param>
            <param index="1">
              <value>
                <![CDATA["Medicine Search Functionality"]]>
              </value>
            </param>
          </params>
          <reporter-output>
          </reporter-output>
        </test-method> <!-- runScenario -->
        <test-method signature="runScenario(io.cucumber.testng.PickleWrapper,io.cucumber.testng.FeatureWrapper)[pri:0, instance:com.runner.TestRunnerTestNG@247bddad]" started-at="2025-09-14T12:46:37 IST" name="runScenario" description="Runs Cucumber Scenarios" data-provider="scenarios" finished-at="2025-09-14T12:46:42 IST" duration-ms="5206" status="PASS">
          <params>
            <param index="0">
              <value>
                <![CDATA["Search and add medicine to cart with filters"]]>
              </value>
            </param>
            <param index="1">
              <value>
                <![CDATA["Medicine Search Functionality"]]>
              </value>
            </param>
          </params>
          <reporter-output>
          </reporter-output>
        </test-method> <!-- runScenario -->
        <test-method signature="runScenario(io.cucumber.testng.PickleWrapper,io.cucumber.testng.FeatureWrapper)[pri:0, instance:com.runner.TestRunnerTestNG@247bddad]" started-at="2025-09-14T12:46:42 IST" name="runScenario" description="Runs Cucumber Scenarios" data-provider="scenarios" finished-at="2025-09-14T12:46:47 IST" duration-ms="4896" status="PASS">
          <params>
            <param index="0">
              <value>
                <![CDATA["user add items in my cart"]]>
              </value>
            </param>
            <param index="1">
              <value>
                <![CDATA["Medicine Search Functionality"]]>
              </value>
            </param>
          </params>
          <reporter-output>
          </reporter-output>
        </test-method> <!-- runScenario -->
        <test-method signature="runScenario(io.cucumber.testng.PickleWrapper,io.cucumber.testng.FeatureWrapper)[pri:0, instance:com.runner.TestRunnerTestNG@247bddad]" started-at="2025-09-14T12:46:47 IST" name="runScenario" description="Runs Cucumber Scenarios" data-provider="scenarios" finished-at="2025-09-14T12:46:49 IST" duration-ms="2322" status="PASS">
          <params>
            <param index="0">
              <value>
                <![CDATA["User enters invalid text for searching area"]]>
              </value>
            </param>
            <param index="1">
              <value>
                <![CDATA["Invalid address management"]]>
              </value>
            </param>
          </params>
          <reporter-output>
          </reporter-output>
        </test-method> <!-- runScenario -->
        <test-method signature="runScenario(io.cucumber.testng.PickleWrapper,io.cucumber.testng.FeatureWrapper)[pri:0, instance:com.runner.TestRunnerTestNG@247bddad]" started-at="2025-09-14T12:46:49 IST" name="runScenario" description="Runs Cucumber Scenarios" data-provider="scenarios" finished-at="2025-09-14T12:46:54 IST" duration-ms="4504" status="PASS">
          <params>
            <param index="0">
              <value>
                <![CDATA["User unable to save flat number"]]>
              </value>
            </param>
            <param index="1">
              <value>
                <![CDATA["Invalid address management"]]>
              </value>
            </param>
          </params>
          <reporter-output>
          </reporter-output>
        </test-method> <!-- runScenario -->
        <test-method signature="runScenario(io.cucumber.testng.PickleWrapper,io.cucumber.testng.FeatureWrapper)[pri:0, instance:com.runner.TestRunnerTestNG@247bddad]" started-at="2025-09-14T12:46:54 IST" name="runScenario" description="Runs Cucumber Scenarios" data-provider="scenarios" finished-at="2025-09-14T12:46:56 IST" duration-ms="2107" status="PASS">
          <params>
            <param index="0">
              <value>
                <![CDATA["User is able to save address with invalid recipient name"]]>
              </value>
            </param>
            <param index="1">
              <value>
                <![CDATA["Invalid address management"]]>
              </value>
            </param>
          </params>
          <reporter-output>
          </reporter-output>
        </test-method> <!-- runScenario -->
        <test-method signature="runScenario(io.cucumber.testng.PickleWrapper,io.cucumber.testng.FeatureWrapper)[pri:0, instance:com.runner.TestRunnerTestNG@247bddad]" started-at="2025-09-14T12:46:56 IST" name="runScenario" description="Runs Cucumber Scenarios" data-provider="scenarios" finished-at="2025-09-14T12:47:03 IST" duration-ms="6882" status="PASS">
          <params>
            <param index="0">
              <value>
                <![CDATA["Verification of entering invalid inputs prevents profile addition"]]>
              </value>
            </param>
            <param index="1">
              <value>
                <![CDATA["Addition of new Profile"]]>
              </value>
            </param>
          </params>
          <reporter-output>
          </reporter-output>
        </test-method> <!-- runScenario -->
        <test-method signature="runScenario(io.cucumber.testng.PickleWrapper,io.cucumber.testng.FeatureWrapper)[pri:0, instance:com.runner.TestRunnerTestNG@247bddad]" started-at="2025-09-14T12:47:03 IST" name="runScenario" description="Runs Cucumber Scenarios" data-provider="scenarios" finished-at="2025-09-14T12:47:06 IST" duration-ms="3331" status="PASS">
          <params>
            <param index="0">
              <value>
                <![CDATA["Verification of successful profile addition with all valid inputs"]]>
              </value>
            </param>
            <param index="1">
              <value>
                <![CDATA["Addition of new Profile"]]>
              </value>
            </param>
          </params>
          <reporter-output>
          </reporter-output>
        </test-method> <!-- runScenario -->
        <test-method signature="runScenario(io.cucumber.testng.PickleWrapper,io.cucumber.testng.FeatureWrapper)[pri:0, instance:com.runner.TestRunnerTestNG@247bddad]" started-at="2025-09-14T12:47:06 IST" name="runScenario" description="Runs Cucumber Scenarios" data-provider="scenarios" finished-at="2025-09-14T12:47:10 IST" duration-ms="3608" status="PASS">
          <params>
            <param index="0">
              <value>
                <![CDATA["Verification of checkout proceeds to payment tab"]]>
              </value>
            </param>
            <param index="1">
              <value>
                <![CDATA["Checkout Process"]]>
              </value>
            </param>
          </params>
          <reporter-output>
          </reporter-output>
        </test-method> <!-- runScenario -->
        <test-method is-config="true" signature="tearDownClass()[pri:0, instance:com.runner.TestRunnerTestNG@247bddad]" started-at="2025-09-14T12:47:10 IST" name="tearDownClass" finished-at="2025-09-14T12:47:11 IST" duration-ms="734" status="PASS">
          <reporter-output>
          </reporter-output>
        </test-method> <!-- tearDownClass -->
      </class> <!-- com.runner.TestRunnerTestNG -->
    </test> <!-- Default test -->
  </suite> <!-- Default suite -->
</testng-results>
